Namespace(augment=True, batchSize=32, beta1=0.5, cuda=True, data='lung', decay_lr=False, dropout=0.1, earlystop=False, experiment='train_lung', imgSize=299, init="'xavier'", lr=0.001, metadata=False, method='average', model='', nc=3, ngpu=1, niter=25, nonlinearity='relu', num_class=3, optimizer='Adam', root_dir='/gpfs/data/abl/deepomics/tsirigoslab/histopathology/Tiles/LungTilesSorted/', step_freq=10000000, tile_dict_path='/gpfs/data/abl/deepomics/tsirigoslab/histopathology/Tiles/Lung_FileMappingDict.p')
Random Seed:  149
Loading from: Solid_Tissue_Normal
number of samples: 73015
Loading from: TCGA-LUSC
number of samples: 204134
Loading from: TCGA-LUAD
number of samples: 186044
Finished loading train dataset: 463193 samples
Loading from: Solid_Tissue_Normal
number of samples: 13542
Loading from: TCGA-LUSC
number of samples: 50047
Loading from: TCGA-LUAD
number of samples: 41918
Finished loading valid dataset: 105507 samples
Class encoding:
{'Solid_Tissue_Normal': 0, 'TCGA-LUAD': 1, 'TCGA-LUSC': 2}
Initialization method not found, defaulting to normal
cancer_CNN(
  (conv1): BasicConv2d(
    (conv): Conv2d(3, 16, kernel_size=(5, 5), stride=(2, 2), padding=(1, 1))
    (bn): BatchNorm2d(16, eps=0.001, momentum=0.1, affine=True, track_running_stats=True)
    (relu): ReLU()
    (dropout): Dropout(p=0.1)
  )
  (conv2): BasicConv2d(
    (conv): Conv2d(16, 32, kernel_size=(3, 3), stride=(1, 1))
    (bn): BatchNorm2d(32, eps=0.001, momentum=0.1, affine=True, track_running_stats=True)
    (relu): ReLU()
    (dropout): Dropout(p=0.1)
  )
  (conv3): BasicConv2d(
    (conv): Conv2d(32, 64, kernel_size=(3, 3), stride=(1, 1), padding=(1, 1))
    (bn): BatchNorm2d(64, eps=0.001, momentum=0.1, affine=True, track_running_stats=True)
    (relu): ReLU()
    (dropout): Dropout(p=0.1)
  )
  (conv4): BasicConv2d(
    (conv): Conv2d(64, 64, kernel_size=(3, 3), stride=(1, 1), padding=(1, 1))
    (bn): BatchNorm2d(64, eps=0.001, momentum=0.1, affine=True, track_running_stats=True)
    (relu): ReLU()
    (dropout): Dropout(p=0.1)
  )
  (conv5): BasicConv2d(
    (conv): Conv2d(64, 128, kernel_size=(3, 3), stride=(1, 1), padding=(1, 1))
    (bn): BatchNorm2d(128, eps=0.001, momentum=0.1, affine=True, track_running_stats=True)
    (relu): ReLU()
    (dropout): Dropout(p=0.1)
  )
  (conv6): BasicConv2d(
    (conv): Conv2d(128, 64, kernel_size=(3, 3), stride=(1, 1), padding=(1, 1))
    (bn): BatchNorm2d(64, eps=0.001, momentum=0.1, affine=True, track_running_stats=True)
    (relu): ReLU()
    (dropout): Dropout(p=0.1)
  )
  (linear): Linear(in_features=5184, out_features=3, bias=True)
)
No early stopping implemented
Starting training
1562080198.0274913
[0/25][1/14475] Training Loss: 1.102123
[0/25][2/14475] Training Loss: 1.189868
[0/25][3/14475] Training Loss: 1.121055
[0/25][4/14475] Training Loss: 1.098230
[0/25][5/14475] Training Loss: 1.226649
[0/25][6/14475] Training Loss: 1.067052
[0/25][7/14475] Training Loss: 1.152749
[0/25][8/14475] Training Loss: 1.086821
[0/25][9/14475] Training Loss: 1.022424
[0/25][10/14475] Training Loss: 1.073507
[0/25][11/14475] Training Loss: 1.244293
[0/25][12/14475] Training Loss: 1.128608
[0/25][13/14475] Training Loss: 1.091180
[0/25][14/14475] Training Loss: 1.080369
[0/25][15/14475] Training Loss: 1.127144
[0/25][16/14475] Training Loss: 1.125467
[0/25][17/14475] Training Loss: 1.086259
[0/25][18/14475] Training Loss: 1.067763
[0/25][19/14475] Training Loss: 1.121439
[0/25][20/14475] Training Loss: 1.074046
[0/25][21/14475] Training Loss: 1.053904
[0/25][22/14475] Training Loss: 1.070621
[0/25][23/14475] Training Loss: 1.060814
[0/25][24/14475] Training Loss: 1.000278
[0/25][25/14475] Training Loss: 1.038366
[0/25][26/14475] Training Loss: 1.008860
[0/25][27/14475] Training Loss: 0.930611
[0/25][28/14475] Training Loss: 1.024725
[0/25][29/14475] Training Loss: 1.089890
[0/25][30/14475] Training Loss: 1.204081
[0/25][31/14475] Training Loss: 0.989508
[0/25][32/14475] Training Loss: 1.000137
[0/25][33/14475] Training Loss: 1.246971
[0/25][34/14475] Training Loss: 1.040374
[0/25][35/14475] Training Loss: 0.900890
[0/25][36/14475] Training Loss: 0.932357
[0/25][37/14475] Training Loss: 0.954438
[0/25][38/14475] Training Loss: 1.074229
[0/25][39/14475] Training Loss: 1.008412
[0/25][40/14475] Training Loss: 1.054446
[0/25][41/14475] Training Loss: 1.086478
[0/25][42/14475] Training Loss: 1.047446
[0/25][43/14475] Training Loss: 0.960289
[0/25][44/14475] Training Loss: 1.226254
[0/25][45/14475] Training Loss: 1.111381
[0/25][46/14475] Training Loss: 1.024554
[0/25][47/14475] Training Loss: 1.032624
[0/25][48/14475] Training Loss: 1.031319
[0/25][49/14475] Training Loss: 1.097542
[0/25][50/14475] Training Loss: 0.893696
[0/25][51/14475] Training Loss: 1.144186
[0/25][52/14475] Training Loss: 1.054372
[0/25][53/14475] Training Loss: 1.054268
[0/25][54/14475] Training Loss: 1.218485
[0/25][55/14475] Training Loss: 0.974872
[0/25][56/14475] Training Loss: 1.146775
[0/25][57/14475] Training Loss: 1.046781
[0/25][58/14475] Training Loss: 1.018689
[0/25][59/14475] Training Loss: 1.140386
[0/25][60/14475] Training Loss: 1.114578
[0/25][61/14475] Training Loss: 0.960291
[0/25][62/14475] Training Loss: 1.103211
[0/25][63/14475] Training Loss: 1.090079
[0/25][64/14475] Training Loss: 0.974249
[0/25][65/14475] Training Loss: 1.043278
[0/25][66/14475] Training Loss: 1.165279
[0/25][67/14475] Training Loss: 1.194744
[0/25][68/14475] Training Loss: 0.996471
[0/25][69/14475] Training Loss: 1.011773
[0/25][70/14475] Training Loss: 0.995949
[0/25][71/14475] Training Loss: 1.161773
[0/25][72/14475] Training Loss: 0.984053
[0/25][73/14475] Training Loss: 0.972576
[0/25][74/14475] Training Loss: 1.021460
[0/25][75/14475] Training Loss: 0.977452
[0/25][76/14475] Training Loss: 1.049613
[0/25][77/14475] Training Loss: 0.956996
[0/25][78/14475] Training Loss: 0.930821
[0/25][79/14475] Training Loss: 1.009527
[0/25][80/14475] Training Loss: 1.114928
[0/25][81/14475] Training Loss: 1.137129
[0/25][82/14475] Training Loss: 0.966783
[0/25][83/14475] Training Loss: 1.079917
[0/25][84/14475] Training Loss: 0.969222
[0/25][85/14475] Training Loss: 1.043916
[0/25][86/14475] Training Loss: 0.928363
[0/25][87/14475] Training Loss: 1.016759
[0/25][88/14475] Training Loss: 0.956827
[0/25][89/14475] Training Loss: 1.020124
[0/25][90/14475] Training Loss: 0.924582
[0/25][91/14475] Training Loss: 1.181364
[0/25][92/14475] Training Loss: 1.130170
[0/25][93/14475] Training Loss: 1.148658
[0/25][94/14475] Training Loss: 1.026571
[0/25][95/14475] Training Loss: 1.069210
[0/25][96/14475] Training Loss: 1.001464
[0/25][97/14475] Training Loss: 1.137273
[0/25][98/14475] Training Loss: 1.076380
[0/25][99/14475] Training Loss: 1.008487
[0/25][100/14475] Training Loss: 0.933203
[0/25][101/14475] Training Loss: 1.005477
[0/25][102/14475] Training Loss: 0.981304
[0/25][103/14475] Training Loss: 0.890494
[0/25][104/14475] Training Loss: 1.060365
[0/25][105/14475] Training Loss: 1.138445
[0/25][106/14475] Training Loss: 1.018515
[0/25][107/14475] Training Loss: 1.006729
[0/25][108/14475] Training Loss: 1.106141
[0/25][109/14475] Training Loss: 1.035193
[0/25][110/14475] Training Loss: 1.065746
[0/25][111/14475] Training Loss: 1.129140
[0/25][112/14475] Training Loss: 1.022175
[0/25][113/14475] Training Loss: 1.000233
[0/25][114/14475] Training Loss: 1.058701
[0/25][115/14475] Training Loss: 1.089610
[0/25][116/14475] Training Loss: 1.111793
[0/25][117/14475] Training Loss: 0.974975
[0/25][118/14475] Training Loss: 1.110197
[0/25][119/14475] Training Loss: 0.928567
[0/25][120/14475] Training Loss: 1.010253
[0/25][121/14475] Training Loss: 1.105877
[0/25][122/14475] Training Loss: 1.112229
[0/25][123/14475] Training Loss: 0.985750
[0/25][124/14475] Training Loss: 0.985525
[0/25][125/14475] Training Loss: 0.952957
[0/25][126/14475] Training Loss: 1.163678
[0/25][127/14475] Training Loss: 1.140653
[0/25][128/14475] Training Loss: 1.110570
[0/25][129/14475] Training Loss: 0.971167
[0/25][130/14475] Training Loss: 1.164623
[0/25][131/14475] Training Loss: 1.061421
[0/25][132/14475] Training Loss: 0.978276
[0/25][133/14475] Training Loss: 1.273363
[0/25][134/14475] Training Loss: 1.042082
[0/25][135/14475] Training Loss: 1.210401
[0/25][136/14475] Training Loss: 0.947167
[0/25][137/14475] Training Loss: 1.080739
[0/25][138/14475] Training Loss: 1.039011
[0/25][139/14475] Training Loss: 1.068243
[0/25][140/14475] Training Loss: 0.909085
[0/25][141/14475] Training Loss: 1.116756
[0/25][142/14475] Training Loss: 0.909871
[0/25][143/14475] Training Loss: 1.038365
[0/25][144/14475] Training Loss: 1.053732
[0/25][145/14475] Training Loss: 0.961564
[0/25][146/14475] Training Loss: 0.974024
[0/25][147/14475] Training Loss: 1.025940
[0/25][148/14475] Training Loss: 0.940288
[0/25][149/14475] Training Loss: 1.156047
[0/25][150/14475] Training Loss: 0.962339
[0/25][151/14475] Training Loss: 0.988507
[0/25][152/14475] Training Loss: 0.908674
[0/25][153/14475] Training Loss: 0.992496
[0/25][154/14475] Training Loss: 0.833148
[0/25][155/14475] Training Loss: 1.188767
[0/25][156/14475] Training Loss: 1.153744
[0/25][157/14475] Training Loss: 1.161689
[0/25][158/14475] Training Loss: 0.999331
[0/25][159/14475] Training Loss: 1.023421
[0/25][160/14475] Training Loss: 1.062478
[0/25][161/14475] Training Loss: 0.994615
[0/25][162/14475] Training Loss: 1.040287
[0/25][163/14475] Training Loss: 1.087402
[0/25][164/14475] Training Loss: 0.941031
[0/25][165/14475] Training Loss: 1.081003
[0/25][166/14475] Training Loss: 1.154627
[0/25][167/14475] Training Loss: 1.117492
[0/25][168/14475] Training Loss: 1.117390
[0/25][169/14475] Training Loss: 1.029586
[0/25][170/14475] Training Loss: 1.134796
[0/25][171/14475] Training Loss: 1.047240
[0/25][172/14475] Training Loss: 0.945183
[0/25][173/14475] Training Loss: 1.027397
[0/25][174/14475] Training Loss: 1.031265
[0/25][175/14475] Training Loss: 1.043314
[0/25][176/14475] Training Loss: 1.047845
[0/25][177/14475] Training Loss: 1.007234
[0/25][178/14475] Training Loss: 0.926454
[0/25][179/14475] Training Loss: 1.111510
[0/25][180/14475] Training Loss: 1.191202
[0/25][181/14475] Training Loss: 0.983026
[0/25][182/14475] Training Loss: 0.944810
[0/25][183/14475] Training Loss: 1.049170
[0/25][184/14475] Training Loss: 0.906680
[0/25][185/14475] Training Loss: 0.986635
[0/25][186/14475] Training Loss: 0.947130
[0/25][187/14475] Training Loss: 0.898003
[0/25][188/14475] Training Loss: 1.144245
[0/25][189/14475] Training Loss: 1.133733
[0/25][190/14475] Training Loss: 1.007559
[0/25][191/14475] Training Loss: 1.028582
[0/25][192/14475] Training Loss: 1.121804
[0/25][193/14475] Training Loss: 1.012911
[0/25][194/14475] Training Loss: 1.030459
[0/25][195/14475] Training Loss: 1.013819
[0/25][196/14475] Training Loss: 1.041852
[0/25][197/14475] Training Loss: 1.147590
[0/25][198/14475] Training Loss: 0.960627
[0/25][199/14475] Training Loss: 1.010528
[0/25][200/14475] Training Loss: 1.026061
[0/25][201/14475] Training Loss: 1.136462
[0/25][202/14475] Training Loss: 1.018195
[0/25][203/14475] Training Loss: 0.984945
[0/25][204/14475] Training Loss: 1.000635
[0/25][205/14475] Training Loss: 1.160475
[0/25][206/14475] Training Loss: 1.116977
[0/25][207/14475] Training Loss: 1.052780
[0/25][208/14475] Training Loss: 1.198725
[0/25][209/14475] Training Loss: 1.005105
[0/25][210/14475] Training Loss: 1.039942
[0/25][211/14475] Training Loss: 1.007905
[0/25][212/14475] Training Loss: 1.013523
[0/25][213/14475] Training Loss: 1.071087
[0/25][214/14475] Training Loss: 0.955751
[0/25][215/14475] Training Loss: 1.089352
[0/25][216/14475] Training Loss: 1.117184
[0/25][217/14475] Training Loss: 1.091803
[0/25][218/14475] Training Loss: 1.014198
[0/25][219/14475] Training Loss: 1.072816
[0/25][220/14475] Training Loss: 1.003525
[0/25][221/14475] Training Loss: 1.053961
[0/25][222/14475] Training Loss: 0.992665
[0/25][223/14475] Training Loss: 1.068428
[0/25][224/14475] Training Loss: 1.004056
[0/25][225/14475] Training Loss: 0.931727
[0/25][226/14475] Training Loss: 1.050660
[0/25][227/14475] Training Loss: 0.944995
[0/25][228/14475] Training Loss: 0.974587
[0/25][229/14475] Training Loss: 0.920996
[0/25][230/14475] Training Loss: 0.957901
[0/25][231/14475] Training Loss: 1.105312
[0/25][232/14475] Training Loss: 1.313348
[0/25][233/14475] Training Loss: 0.979659
[0/25][234/14475] Training Loss: 0.947329
[0/25][235/14475] Training Loss: 1.090684
[0/25][236/14475] Training Loss: 1.017765
[0/25][237/14475] Training Loss: 1.146042
[0/25][238/14475] Training Loss: 1.003728
[0/25][239/14475] Training Loss: 1.113656
[0/25][240/14475] Training Loss: 0.976932
[0/25][241/14475] Training Loss: 1.107173
[0/25][242/14475] Training Loss: 1.043934
[0/25][243/14475] Training Loss: 1.021706
[0/25][244/14475] Training Loss: 1.122819
[0/25][245/14475] Training Loss: 1.031082
[0/25][246/14475] Training Loss: 1.098211
[0/25][247/14475] Training Loss: 1.051826
[0/25][248/14475] Training Loss: 1.107224
[0/25][249/14475] Training Loss: 1.028971
[0/25][250/14475] Training Loss: 1.054672
[0/25][251/14475] Training Loss: 1.064699
[0/25][252/14475] Training Loss: 1.083571
[0/25][253/14475] Training Loss: 0.958928
[0/25][254/14475] Training Loss: 1.020942
[0/25][255/14475] Training Loss: 1.026134
[0/25][256/14475] Training Loss: 1.111472
[0/25][257/14475] Training Loss: 1.121299
[0/25][258/14475] Training Loss: 1.025378
[0/25][259/14475] Training Loss: 1.061125
[0/25][260/14475] Training Loss: 1.104458
[0/25][261/14475] Training Loss: 1.076007
[0/25][262/14475] Training Loss: 1.018636
[0/25][263/14475] Training Loss: 1.063423
[0/25][264/14475] Training Loss: 0.960970
[0/25][265/14475] Training Loss: 0.960920
[0/25][266/14475] Training Loss: 1.129061
[0/25][267/14475] Training Loss: 1.017786
[0/25][268/14475] Training Loss: 1.097313
[0/25][269/14475] Training Loss: 0.995059
[0/25][270/14475] Training Loss: 0.978634
[0/25][271/14475] Training Loss: 1.076739
[0/25][272/14475] Training Loss: 1.009951
[0/25][273/14475] Training Loss: 1.151010
[0/25][274/14475] Training Loss: 1.020026
[0/25][275/14475] Training Loss: 1.003027
[0/25][276/14475] Training Loss: 1.050465
[0/25][277/14475] Training Loss: 1.060656
[0/25][278/14475] Training Loss: 0.988110
[0/25][279/14475] Training Loss: 0.994410
[0/25][280/14475] Training Loss: 1.072223
[0/25][281/14475] Training Loss: 1.021822
[0/25][282/14475] Training Loss: 1.070025
[0/25][283/14475] Training Loss: 0.999436
[0/25][284/14475] Training Loss: 1.122179
[0/25][285/14475] Training Loss: 1.184624
[0/25][286/14475] Training Loss: 0.936728
[0/25][287/14475] Training Loss: 1.031776
[0/25][288/14475] Training Loss: 1.021912
[0/25][289/14475] Training Loss: 0.992342
[0/25][290/14475] Training Loss: 0.905836
[0/25][291/14475] Training Loss: 0.990279
[0/25][292/14475] Training Loss: 1.120683
[0/25][293/14475] Training Loss: 0.977163
[0/25][294/14475] Training Loss: 1.062232
[0/25][295/14475] Training Loss: 1.093245
[0/25][296/14475] Training Loss: 0.898737
[0/25][297/14475] Training Loss: 1.027372
[0/25][298/14475] Training Loss: 0.976382
[0/25][299/14475] Training Loss: 1.167177
[0/25][300/14475] Training Loss: 1.012995
[0/25][301/14475] Training Loss: 0.995669
[0/25][302/14475] Training Loss: 0.992432
[0/25][303/14475] Training Loss: 1.059365
[0/25][304/14475] Training Loss: 0.965085
[0/25][305/14475] Training Loss: 1.068968
[0/25][306/14475] Training Loss: 1.176360
[0/25][307/14475] Training Loss: 0.996926
[0/25][308/14475] Training Loss: 0.995073
[0/25][309/14475] Training Loss: 0.991935
[0/25][310/14475] Training Loss: 1.046824
[0/25][311/14475] Training Loss: 1.036533
[0/25][312/14475] Training Loss: 1.094474
[0/25][313/14475] Training Loss: 1.188910
[0/25][314/14475] Training Loss: 0.980815
[0/25][315/14475] Training Loss: 1.025497
[0/25][316/14475] Training Loss: 1.011220
[0/25][317/14475] Training Loss: 1.071642
[0/25][318/14475] Training Loss: 1.152157
[0/25][319/14475] Training Loss: 1.114965
[0/25][320/14475] Training Loss: 1.002910
[0/25][321/14475] Training Loss: 1.081469
[0/25][322/14475] Training Loss: 1.089983
[0/25][323/14475] Training Loss: 0.990330
[0/25][324/14475] Training Loss: 1.149444
[0/25][325/14475] Training Loss: 1.127117
[0/25][326/14475] Training Loss: 1.041813
[0/25][327/14475] Training Loss: 1.037530
[0/25][328/14475] Training Loss: 1.134917
[0/25][329/14475] Training Loss: 1.046376
[0/25][330/14475] Training Loss: 1.033066
[0/25][331/14475] Training Loss: 1.095336
[0/25][332/14475] Training Loss: 1.010685
[0/25][333/14475] Training Loss: 1.112212
[0/25][334/14475] Training Loss: 1.060184
[0/25][335/14475] Training Loss: 1.049819
[0/25][336/14475] Training Loss: 1.047276
[0/25][337/14475] Training Loss: 1.029674
[0/25][338/14475] Training Loss: 1.108358
[0/25][339/14475] Training Loss: 1.116541
[0/25][340/14475] Training Loss: 1.003604
[0/25][341/14475] Training Loss: 1.066416
[0/25][342/14475] Training Loss: 0.991568
[0/25][343/14475] Training Loss: 1.028876
[0/25][344/14475] Training Loss: 0.968449
[0/25][345/14475] Training Loss: 1.080476
[0/25][346/14475] Training Loss: 1.001842
[0/25][347/14475] Training Loss: 1.075085
[0/25][348/14475] Training Loss: 0.967071
[0/25][349/14475] Training Loss: 0.933084
[0/25][350/14475] Training Loss: 1.136790
[0/25][351/14475] Training Loss: 0.949041
[0/25][352/14475] Training Loss: 1.015854
[0/25][353/14475] Training Loss: 1.081095
[0/25][354/14475] Training Loss: 1.154686
[0/25][355/14475] Training Loss: 0.965454
[0/25][356/14475] Training Loss: 0.961666
[0/25][357/14475] Training Loss: 1.000302
[0/25][358/14475] Training Loss: 1.073283
[0/25][359/14475] Training Loss: 0.997758
[0/25][360/14475] Training Loss: 1.086901
[0/25][361/14475] Training Loss: 1.010362
[0/25][362/14475] Training Loss: 1.051064
[0/25][363/14475] Training Loss: 1.009409
[0/25][364/14475] Training Loss: 0.984676
[0/25][365/14475] Training Loss: 1.002882
[0/25][366/14475] Training Loss: 1.120157
[0/25][367/14475] Training Loss: 1.108005
[0/25][368/14475] Training Loss: 1.052228
[0/25][369/14475] Training Loss: 1.055087
[0/25][370/14475] Training Loss: 1.013007
[0/25][371/14475] Training Loss: 1.043931
[0/25][372/14475] Training Loss: 1.106302
[0/25][373/14475] Training Loss: 1.008798
[0/25][374/14475] Training Loss: 0.991897
[0/25][375/14475] Training Loss: 0.977341
[0/25][376/14475] Training Loss: 0.954897
[0/25][377/14475] Training Loss: 1.005159
[0/25][378/14475] Training Loss: 1.111421
[0/25][379/14475] Training Loss: 1.054869
[0/25][380/14475] Training Loss: 0.995469
[0/25][381/14475] Training Loss: 1.071322
[0/25][382/14475] Training Loss: 0.930240
[0/25][383/14475] Training Loss: 0.933297
[0/25][384/14475] Training Loss: 0.882640
[0/25][385/14475] Training Loss: 0.944549
[0/25][386/14475] Training Loss: 0.949771
[0/25][387/14475] Training Loss: 0.974239
[0/25][388/14475] Training Loss: 1.123506
[0/25][389/14475] Training Loss: 0.980637
[0/25][390/14475] Training Loss: 1.077879
[0/25][391/14475] Training Loss: 0.834279
[0/25][392/14475] Training Loss: 0.989444
[0/25][393/14475] Training Loss: 0.966829
[0/25][394/14475] Training Loss: 0.920051
[0/25][395/14475] Training Loss: 0.977908
[0/25][396/14475] Training Loss: 0.921869
[0/25][397/14475] Training Loss: 0.946612
[0/25][398/14475] Training Loss: 0.846256
[0/25][399/14475] Training Loss: 1.154648
[0/25][400/14475] Training Loss: 1.072751
[0/25][401/14475] Training Loss: 1.049462
[0/25][402/14475] Training Loss: 1.074573
[0/25][403/14475] Training Loss: 0.999274
[0/25][404/14475] Training Loss: 1.021873
[0/25][405/14475] Training Loss: 0.941137
[0/25][406/14475] Training Loss: 1.041908
[0/25][407/14475] Training Loss: 1.093514
[0/25][408/14475] Training Loss: 1.187719
[0/25][409/14475] Training Loss: 0.971504
[0/25][410/14475] Training Loss: 1.140813
[0/25][411/14475] Training Loss: 0.990195
[0/25][412/14475] Training Loss: 1.074008
[0/25][413/14475] Training Loss: 1.040031
[0/25][414/14475] Training Loss: 1.043557
[0/25][415/14475] Training Loss: 1.006389
[0/25][416/14475] Training Loss: 1.007279
[0/25][417/14475] Training Loss: 1.008339
[0/25][418/14475] Training Loss: 0.982802
[0/25][419/14475] Training Loss: 0.948451
[0/25][420/14475] Training Loss: 1.052312
[0/25][421/14475] Training Loss: 1.005686
[0/25][422/14475] Training Loss: 0.949412
[0/25][423/14475] Training Loss: 1.032482
[0/25][424/14475] Training Loss: 1.002093
[0/25][425/14475] Training Loss: 1.105250
[0/25][426/14475] Training Loss: 1.179065
[0/25][427/14475] Training Loss: 0.961514
[0/25][428/14475] Training Loss: 0.998159
[0/25][429/14475] Training Loss: 0.987412
[0/25][430/14475] Training Loss: 0.941160
[0/25][431/14475] Training Loss: 0.967960
[0/25][432/14475] Training Loss: 1.246912
[0/25][433/14475] Training Loss: 1.194533
[0/25][434/14475] Training Loss: 1.059404
[0/25][435/14475] Training Loss: 1.050777
[0/25][436/14475] Training Loss: 1.034507
[0/25][437/14475] Training Loss: 0.994162
[0/25][438/14475] Training Loss: 1.081201
[0/25][439/14475] Training Loss: 1.017733
[0/25][440/14475] Training Loss: 1.039631
[0/25][441/14475] Training Loss: 0.989592
[0/25][442/14475] Training Loss: 0.947351
[0/25][443/14475] Training Loss: 0.999419
[0/25][444/14475] Training Loss: 1.061949
[0/25][445/14475] Training Loss: 0.993327
[0/25][446/14475] Training Loss: 0.963848
[0/25][447/14475] Training Loss: 0.965487
[0/25][448/14475] Training Loss: 1.076469
[0/25][449/14475] Training Loss: 1.054411
[0/25][450/14475] Training Loss: 0.957786
[0/25][451/14475] Training Loss: 0.958441
[0/25][452/14475] Training Loss: 0.911595
[0/25][453/14475] Training Loss: 1.006657
[0/25][454/14475] Training Loss: 0.946512
[0/25][455/14475] Training Loss: 0.940038
[0/25][456/14475] Training Loss: 1.140207
[0/25][457/14475] Training Loss: 1.005797
[0/25][458/14475] Training Loss: 0.981037
[0/25][459/14475] Training Loss: 0.919024
[0/25][460/14475] Training Loss: 1.067181
[0/25][461/14475] Training Loss: 0.997559
[0/25][462/14475] Training Loss: 0.973882
[0/25][463/14475] Training Loss: 1.063334
[0/25][464/14475] Training Loss: 0.906155
[0/25][465/14475] Training Loss: 1.001600
[0/25][466/14475] Training Loss: 0.987103
[0/25][467/14475] Training Loss: 0.873694
[0/25][468/14475] Training Loss: 0.944467
[0/25][469/14475] Training Loss: 1.025812
[0/25][470/14475] Training Loss: 0.938659
[0/25][471/14475] Training Loss: 1.167729
[0/25][472/14475] Training Loss: 1.021564
[0/25][473/14475] Training Loss: 1.025327
[0/25][474/14475] Training Loss: 1.065226
[0/25][475/14475] Training Loss: 0.942632
[0/25][476/14475] Training Loss: 0.970864
[0/25][477/14475] Training Loss: 1.061326
[0/25][478/14475] Training Loss: 1.072192
[0/25][479/14475] Training Loss: 1.018709
[0/25][480/14475] Training Loss: 0.945600
[0/25][481/14475] Training Loss: 1.004241
[0/25][482/14475] Training Loss: 0.978438
[0/25][483/14475] Training Loss: 1.008066
[0/25][484/14475] Training Loss: 0.994906
[0/25][485/14475] Training Loss: 1.086625
[0/25][486/14475] Training Loss: 0.937362
[0/25][487/14475] Training Loss: 0.978509
[0/25][488/14475] Training Loss: 0.936067
[0/25][489/14475] Training Loss: 1.003021
[0/25][490/14475] Training Loss: 0.951729
[0/25][491/14475] Training Loss: 1.056770
[0/25][492/14475] Training Loss: 0.947463
[0/25][493/14475] Training Loss: 1.007167
[0/25][494/14475] Training Loss: 0.931559
[0/25][495/14475] Training Loss: 1.011784
[0/25][496/14475] Training Loss: 0.992340
[0/25][497/14475] Training Loss: 0.959117
[0/25][498/14475] Training Loss: 0.958830
[0/25][499/14475] Training Loss: 0.978549
[0/25][500/14475] Training Loss: 0.906968
[0/25][501/14475] Training Loss: 1.056883
[0/25][502/14475] Training Loss: 0.984995
[0/25][503/14475] Training Loss: 1.039242
[0/25][504/14475] Training Loss: 0.929701
[0/25][505/14475] Training Loss: 0.915206
[0/25][506/14475] Training Loss: 0.981102
[0/25][507/14475] Training Loss: 1.028687
[0/25][508/14475] Training Loss: 1.163332
[0/25][509/14475] Training Loss: 1.080822
[0/25][510/14475] Training Loss: 1.053447
[0/25][511/14475] Training Loss: 1.074142
[0/25][512/14475] Training Loss: 1.045009
[0/25][513/14475] Training Loss: 0.973610
[0/25][514/14475] Training Loss: 0.981585
[0/25][515/14475] Training Loss: 0.964247
[0/25][516/14475] Training Loss: 1.016741
[0/25][517/14475] Training Loss: 0.910837
[0/25][518/14475] Training Loss: 0.910295
[0/25][519/14475] Training Loss: 0.998199
[0/25][520/14475] Training Loss: 1.002381
[0/25][521/14475] Training Loss: 0.936675
[0/25][522/14475] Training Loss: 0.892771
[0/25][523/14475] Training Loss: 0.996223
[0/25][524/14475] Training Loss: 0.977755
[0/25][525/14475] Training Loss: 0.965266
[0/25][526/14475] Training Loss: 1.074855
[0/25][527/14475] Training Loss: 1.021543
[0/25][528/14475] Training Loss: 0.940692
[0/25][529/14475] Training Loss: 0.971949
[0/25][530/14475] Training Loss: 1.014718
[0/25][531/14475] Training Loss: 1.075802
[0/25][532/14475] Training Loss: 1.015963
[0/25][533/14475] Training Loss: 1.049934
[0/25][534/14475] Training Loss: 1.047293
[0/25][535/14475] Training Loss: 0.974678
[0/25][536/14475] Training Loss: 0.965115
[0/25][537/14475] Training Loss: 0.990329
[0/25][538/14475] Training Loss: 0.988949
[0/25][539/14475] Training Loss: 0.910644
[0/25][540/14475] Training Loss: 1.048888
[0/25][541/14475] Training Loss: 0.938079
[0/25][542/14475] Training Loss: 1.023377
[0/25][543/14475] Training Loss: 0.988084
[0/25][544/14475] Training Loss: 0.920622
[0/25][545/14475] Training Loss: 0.963597
[0/25][546/14475] Training Loss: 0.924022
[0/25][547/14475] Training Loss: 0.952856
[0/25][548/14475] Training Loss: 0.983914
[0/25][549/14475] Training Loss: 0.884177
[0/25][550/14475] Training Loss: 0.883905
[0/25][551/14475] Training Loss: 0.969417
[0/25][552/14475] Training Loss: 0.911389
[0/25][553/14475] Training Loss: 0.958244
[0/25][554/14475] Training Loss: 0.976898
[0/25][555/14475] Training Loss: 0.918304
[0/25][556/14475] Training Loss: 0.960813
[0/25][557/14475] Training Loss: 0.938891
[0/25][558/14475] Training Loss: 1.100096
[0/25][559/14475] Training Loss: 1.069022
[0/25][560/14475] Training Loss: 0.926095
[0/25][561/14475] Training Loss: 1.050641
[0/25][562/14475] Training Loss: 0.943087
[0/25][563/14475] Training Loss: 1.161326
[0/25][564/14475] Training Loss: 0.974624
[0/25][565/14475] Training Loss: 1.023839
[0/25][566/14475] Training Loss: 0.902261
[0/25][567/14475] Training Loss: 0.976451
[0/25][568/14475] Training Loss: 0.956267
[0/25][569/14475] Training Loss: 0.989664
[0/25][570/14475] Training Loss: 1.031757
[0/25][571/14475] Training Loss: 1.055326
[0/25][572/14475] Training Loss: 1.035662
[0/25][573/14475] Training Loss: 0.956958
[0/25][574/14475] Training Loss: 0.988276
[0/25][575/14475] Training Loss: 0.975585
[0/25][576/14475] Training Loss: 1.053592
[0/25][577/14475] Training Loss: 0.933988
[0/25][578/14475] Training Loss: 0.960296
[0/25][579/14475] Training Loss: 0.997123
[0/25][580/14475] Training Loss: 0.928913
[0/25][581/14475] Training Loss: 0.976631
[0/25][582/14475] Training Loss: 0.910187
[0/25][583/14475] Training Loss: 0.880058
[0/25][584/14475] Training Loss: 1.025485
[0/25][585/14475] Training Loss: 0.937656
[0/25][586/14475] Training Loss: 1.023603
[0/25][587/14475] Training Loss: 0.950537
[0/25][588/14475] Training Loss: 1.150298
[0/25][589/14475] Training Loss: 0.875849
[0/25][590/14475] Training Loss: 1.111529
[0/25][591/14475] Training Loss: 0.951154
[0/25][592/14475] Training Loss: 0.924555
[0/25][593/14475] Training Loss: 1.023002
[0/25][594/14475] Training Loss: 0.860202
[0/25][595/14475] Training Loss: 0.928491
[0/25][596/14475] Training Loss: 0.892368
[0/25][597/14475] Training Loss: 0.967649
[0/25][598/14475] Training Loss: 0.889363
[0/25][599/14475] Training Loss: 1.029476
[0/25][600/14475] Training Loss: 1.009814
[0/25][601/14475] Training Loss: 1.115115
[0/25][602/14475] Training Loss: 0.970507
[0/25][603/14475] Training Loss: 0.977412
[0/25][604/14475] Training Loss: 0.852468
[0/25][605/14475] Training Loss: 1.000611
[0/25][606/14475] Training Loss: 0.997242
[0/25][607/14475] Training Loss: 0.933711
[0/25][608/14475] Training Loss: 0.960233
[0/25][609/14475] Training Loss: 0.964232
[0/25][610/14475] Training Loss: 1.036553
[0/25][611/14475] Training Loss: 0.952891
[0/25][612/14475] Training Loss: 0.916283
[0/25][613/14475] Training Loss: 1.095999
[0/25][614/14475] Training Loss: 0.917554
[0/25][615/14475] Training Loss: 1.029160
[0/25][616/14475] Training Loss: 1.042319
[0/25][617/14475] Training Loss: 1.142067
[0/25][618/14475] Training Loss: 0.985710
[0/25][619/14475] Training Loss: 0.994381
[0/25][620/14475] Training Loss: 0.911848
[0/25][621/14475] Training Loss: 0.950601
[0/25][622/14475] Training Loss: 0.945702
[0/25][623/14475] Training Loss: 1.060148
[0/25][624/14475] Training Loss: 0.874180
[0/25][625/14475] Training Loss: 0.966624
[0/25][626/14475] Training Loss: 0.912944
[0/25][627/14475] Training Loss: 0.943340
[0/25][628/14475] Training Loss: 0.923630
[0/25][629/14475] Training Loss: 0.870808
[0/25][630/14475] Training Loss: 0.877093
[0/25][631/14475] Training Loss: 0.892793
[0/25][632/14475] Training Loss: 1.020343
[0/25][633/14475] Training Loss: 0.986492
[0/25][634/14475] Training Loss: 0.951135
[0/25][635/14475] Training Loss: 1.144493
[0/25][636/14475] Training Loss: 1.048255
[0/25][637/14475] Training Loss: 0.887753
[0/25][638/14475] Training Loss: 0.879360
[0/25][639/14475] Training Loss: 0.834768
[0/25][640/14475] Training Loss: 0.901886
[0/25][641/14475] Training Loss: 0.950346
[0/25][642/14475] Training Loss: 1.009156
[0/25][643/14475] Training Loss: 0.890245
[0/25][644/14475] Training Loss: 1.059227
[0/25][645/14475] Training Loss: 0.872627
[0/25][646/14475] Training Loss: 0.983485
[0/25][647/14475] Training Loss: 0.899896
[0/25][648/14475] Training Loss: 0.936921
[0/25][649/14475] Training Loss: 0.937581
[0/25][650/14475] Training Loss: 0.962023
[0/25][651/14475] Training Loss: 0.910923
[0/25][652/14475] Training Loss: 0.921450
[0/25][653/14475] Training Loss: 0.988791
[0/25][654/14475] Training Loss: 0.868875
[0/25][655/14475] Training Loss: 0.868395
[0/25][656/14475] Training Loss: 0.903992
[0/25][657/14475] Training Loss: 0.870573
[0/25][658/14475] Training Loss: 1.024243
[0/25][659/14475] Training Loss: 0.840345
[0/25][660/14475] Training Loss: 1.043249
[0/25][661/14475] Training Loss: 0.902460
[0/25][662/14475] Training Loss: 0.984708
[0/25][663/14475] Training Loss: 1.030771
[0/25][664/14475] Training Loss: 0.995217
[0/25][665/14475] Training Loss: 0.881365
[0/25][666/14475] Training Loss: 0.954909
[0/25][667/14475] Training Loss: 0.914708
[0/25][668/14475] Training Loss: 1.017199
[0/25][669/14475] Training Loss: 0.892219
[0/25][670/14475] Training Loss: 0.901319
[0/25][671/14475] Training Loss: 1.008995
[0/25][672/14475] Training Loss: 0.902479
[0/25][673/14475] Training Loss: 1.029469
[0/25][674/14475] Training Loss: 0.935592
[0/25][675/14475] Training Loss: 1.032245
[0/25][676/14475] Training Loss: 0.869835
[0/25][677/14475] Training Loss: 0.939210
[0/25][678/14475] Training Loss: 1.086598
[0/25][679/14475] Training Loss: 0.853169
[0/25][680/14475] Training Loss: 1.023883
[0/25][681/14475] Training Loss: 0.957447
[0/25][682/14475] Training Loss: 0.975181
[0/25][683/14475] Training Loss: 1.020457
[0/25][684/14475] Training Loss: 0.962445
[0/25][685/14475] Training Loss: 0.877108
[0/25][686/14475] Training Loss: 1.074801
[0/25][687/14475] Training Loss: 0.913404
[0/25][688/14475] Training Loss: 0.855783
[0/25][689/14475] Training Loss: 1.023354
[0/25][690/14475] Training Loss: 0.950990
[0/25][691/14475] Training Loss: 1.048205
[0/25][692/14475] Training Loss: 0.956226
[0/25][693/14475] Training Loss: 1.037261
[0/25][694/14475] Training Loss: 1.122034
[0/25][695/14475] Training Loss: 1.050301
[0/25][696/14475] Training Loss: 1.064834
[0/25][697/14475] Training Loss: 0.989144
[0/25][698/14475] Training Loss: 0.948979
[0/25][699/14475] Training Loss: 0.992432
[0/25][700/14475] Training Loss: 0.972830
[0/25][701/14475] Training Loss: 0.927455
[0/25][702/14475] Training Loss: 0.884385
[0/25][703/14475] Training Loss: 0.922491
[0/25][704/14475] Training Loss: 0.979311
[0/25][705/14475] Training Loss: 0.955818
[0/25][706/14475] Training Loss: 0.970328
[0/25][707/14475] Training Loss: 0.930043
[0/25][708/14475] Training Loss: 0.963521
[0/25][709/14475] Training Loss: 0.834218
[0/25][710/14475] Training Loss: 1.005970
[0/25][711/14475] Training Loss: 0.933945
[0/25][712/14475] Training Loss: 0.883930
[0/25][713/14475] Training Loss: 0.871512
[0/25][714/14475] Training Loss: 0.936862
[0/25][715/14475] Training Loss: 0.941004
[0/25][716/14475] Training Loss: 0.960609
[0/25][717/14475] Training Loss: 0.914111
[0/25][718/14475] Training Loss: 0.855555
[0/25][719/14475] Training Loss: 0.910750
[0/25][720/14475] Training Loss: 0.854796
[0/25][721/14475] Training Loss: 1.077220
[0/25][722/14475] Training Loss: 1.240009
[0/25][723/14475] Training Loss: 0.937141
[0/25][724/14475] Training Loss: 0.989504
[0/25][725/14475] Training Loss: 0.953974
[0/25][726/14475] Training Loss: 0.984007
[0/25][727/14475] Training Loss: 0.950304
[0/25][728/14475] Training Loss: 0.924426
[0/25][729/14475] Training Loss: 0.913073
[0/25][730/14475] Training Loss: 0.846549
[0/25][731/14475] Training Loss: 0.958596
[0/25][732/14475] Training Loss: 0.897025
[0/25][733/14475] Training Loss: 1.007391
[0/25][734/14475] Training Loss: 1.000662
[0/25][735/14475] Training Loss: 0.942638
[0/25][736/14475] Training Loss: 0.900554
[0/25][737/14475] Training Loss: 0.980837
[0/25][738/14475] Training Loss: 0.988427
[0/25][739/14475] Training Loss: 1.037959
[0/25][740/14475] Training Loss: 1.046178
[0/25][741/14475] Training Loss: 0.983579
[0/25][742/14475] Training Loss: 0.916163
[0/25][743/14475] Training Loss: 0.957481
[0/25][744/14475] Training Loss: 1.007496
[0/25][745/14475] Training Loss: 0.907043
[0/25][746/14475] Training Loss: 0.884623
[0/25][747/14475] Training Loss: 0.895097
[0/25][748/14475] Training Loss: 0.864606
[0/25][749/14475] Training Loss: 0.998256
[0/25][750/14475] Training Loss: 0.968042
[0/25][751/14475] Training Loss: 0.963588
[0/25][752/14475] Training Loss: 1.022556
[0/25][753/14475] Training Loss: 0.855639
[0/25][754/14475] Training Loss: 0.872949
[0/25][755/14475] Training Loss: 0.987713
[0/25][756/14475] Training Loss: 0.950876
[0/25][757/14475] Training Loss: 0.924756
[0/25][758/14475] Training Loss: 0.990055
[0/25][759/14475] Training Loss: 0.949699
[0/25][760/14475] Training Loss: 0.837177
[0/25][761/14475] Training Loss: 0.933094
[0/25][762/14475] Training Loss: 0.885529
[0/25][763/14475] Training Loss: 0.910682
[0/25][764/14475] Training Loss: 1.086131
[0/25][765/14475] Training Loss: 0.979426
[0/25][766/14475] Training Loss: 0.943689
[0/25][767/14475] Training Loss: 1.024985
[0/25][768/14475] Training Loss: 0.919514
[0/25][769/14475] Training Loss: 0.988728
[0/25][770/14475] Training Loss: 0.887979
[0/25][771/14475] Training Loss: 0.998638
[0/25][772/14475] Training Loss: 0.910845
[0/25][773/14475] Training Loss: 1.031478
[0/25][774/14475] Training Loss: 0.824001
[0/25][775/14475] Training Loss: 0.968299
[0/25][776/14475] Training Loss: 0.918445
[0/25][777/14475] Training Loss: 0.917585
[0/25][778/14475] Training Loss: 0.909472
[0/25][779/14475] Training Loss: 0.904029
[0/25][780/14475] Training Loss: 1.004254
[0/25][781/14475] Training Loss: 1.018515
[0/25][782/14475] Training Loss: 0.922657
[0/25][783/14475] Training Loss: 0.949276
[0/25][784/14475] Training Loss: 1.009976
[0/25][785/14475] Training Loss: 0.998190
[0/25][786/14475] Training Loss: 0.883434
[0/25][787/14475] Training Loss: 0.950177
[0/25][788/14475] Training Loss: 0.925590
[0/25][789/14475] Training Loss: 0.890893
[0/25][790/14475] Training Loss: 1.071929
[0/25][791/14475] Training Loss: 1.061145
[0/25][792/14475] Training Loss: 0.969181
[0/25][793/14475] Training Loss: 0.973436
[0/25][794/14475] Training Loss: 0.869719
[0/25][795/14475] Training Loss: 0.970624
[0/25][796/14475] Training Loss: 1.055937
[0/25][797/14475] Training Loss: 0.833826
[0/25][798/14475] Training Loss: 0.900258
[0/25][799/14475] Training Loss: 0.945795
[0/25][800/14475] Training Loss: 0.973691
[0/25][801/14475] Training Loss: 0.960617
[0/25][802/14475] Training Loss: 0.857601
[0/25][803/14475] Training Loss: 1.137230
[0/25][804/14475] Training Loss: 1.067828
[0/25][805/14475] Training Loss: 0.852416
[0/25][806/14475] Training Loss: 0.919544
[0/25][807/14475] Training Loss: 0.950230
[0/25][808/14475] Training Loss: 0.857948
[0/25][809/14475] Training Loss: 0.899846
[0/25][810/14475] Training Loss: 0.885481
[0/25][811/14475] Training Loss: 0.917131
[0/25][812/14475] Training Loss: 0.898454
[0/25][813/14475] Training Loss: 0.863937
[0/25][814/14475] Training Loss: 0.938394
[0/25][815/14475] Training Loss: 0.934833
[0/25][816/14475] Training Loss: 0.907760
[0/25][817/14475] Training Loss: 0.880747
[0/25][818/14475] Training Loss: 0.851294
[0/25][819/14475] Training Loss: 0.863659
[0/25][820/14475] Training Loss: 0.917948
[0/25][821/14475] Training Loss: 0.934422
[0/25][822/14475] Training Loss: 0.869404
[0/25][823/14475] Training Loss: 1.308868
[0/25][824/14475] Training Loss: 0.974486
[0/25][825/14475] Training Loss: 0.815581
[0/25][826/14475] Training Loss: 1.055528
[0/25][827/14475] Training Loss: 1.025442
[0/25][828/14475] Training Loss: 0.879074
[0/25][829/14475] Training Loss: 0.849012
[0/25][830/14475] Training Loss: 0.892526
[0/25][831/14475] Training Loss: 1.060150
[0/25][832/14475] Training Loss: 1.057764
[0/25][833/14475] Training Loss: 0.951952
[0/25][834/14475] Training Loss: 1.061517
[0/25][835/14475] Training Loss: 0.923728
[0/25][836/14475] Training Loss: 0.941797
[0/25][837/14475] Training Loss: 0.932843
[0/25][838/14475] Training Loss: 1.015706
[0/25][839/14475] Training Loss: 0.939513
[0/25][840/14475] Training Loss: 0.826287
[0/25][841/14475] Training Loss: 0.922871
[0/25][842/14475] Training Loss: 1.135999
[0/25][843/14475] Training Loss: 0.922668
[0/25][844/14475] Training Loss: 0.966561
[0/25][845/14475] Training Loss: 1.057940
[0/25][846/14475] Training Loss: 0.944059
[0/25][847/14475] Training Loss: 0.857809
[0/25][848/14475] Training Loss: 0.897243
[0/25][849/14475] Training Loss: 0.907076
[0/25][850/14475] Training Loss: 0.961741
[0/25][851/14475] Training Loss: 0.965738
[0/25][852/14475] Training Loss: 0.895273
[0/25][853/14475] Training Loss: 1.024050
[0/25][854/14475] Training Loss: 0.892121
[0/25][855/14475] Training Loss: 0.990496
[0/25][856/14475] Training Loss: 0.912713
[0/25][857/14475] Training Loss: 0.903990
[0/25][858/14475] Training Loss: 0.866861
[0/25][859/14475] Training Loss: 1.017597
[0/25][860/14475] Training Loss: 0.816872
[0/25][861/14475] Training Loss: 0.847805
[0/25][862/14475] Training Loss: 0.989048
[0/25][863/14475] Training Loss: 1.027698
[0/25][864/14475] Training Loss: 0.987704
[0/25][865/14475] Training Loss: 0.901514
[0/25][866/14475] Training Loss: 0.844299
[0/25][867/14475] Training Loss: 0.941317
[0/25][868/14475] Training Loss: 1.109560
[0/25][869/14475] Training Loss: 0.833148
[0/25][870/14475] Training Loss: 1.018829
[0/25][871/14475] Training Loss: 0.930099
[0/25][872/14475] Training Loss: 1.026348
[0/25][873/14475] Training Loss: 0.942972
[0/25][874/14475] Training Loss: 0.968729
[0/25][875/14475] Training Loss: 0.867380
[0/25][876/14475] Training Loss: 0.878691
[0/25][877/14475] Training Loss: 0.886287
[0/25][878/14475] Training Loss: 0.873492
[0/25][879/14475] Training Loss: 0.933704
[0/25][880/14475] Training Loss: 0.873561
[0/25][881/14475] Training Loss: 0.831878
[0/25][882/14475] Training Loss: 0.958099
[0/25][883/14475] Training Loss: 1.026808
[0/25][884/14475] Training Loss: 0.848532
[0/25][885/14475] Training Loss: 0.893804
[0/25][886/14475] Training Loss: 0.908186
[0/25][887/14475] Training Loss: 0.952854
[0/25][888/14475] Training Loss: 0.861252
[0/25][889/14475] Training Loss: 0.974187
[0/25][890/14475] Training Loss: 0.867526
[0/25][891/14475] Training Loss: 1.040786
[0/25][892/14475] Training Loss: 0.950208
[0/25][893/14475] Training Loss: 0.932580
[0/25][894/14475] Training Loss: 0.888171
[0/25][895/14475] Training Loss: 0.924791
[0/25][896/14475] Training Loss: 0.987434
[0/25][897/14475] Training Loss: 0.973376
[0/25][898/14475] Training Loss: 1.098610
[0/25][899/14475] Training Loss: 0.901547
[0/25][900/14475] Training Loss: 0.967581
[0/25][901/14475] Training Loss: 1.041263
[0/25][902/14475] Training Loss: 0.930315
[0/25][903/14475] Training Loss: 0.997140
[0/25][904/14475] Training Loss: 0.921332
[0/25][905/14475] Training Loss: 0.979609
[0/25][906/14475] Training Loss: 0.958958
[0/25][907/14475] Training Loss: 0.991362
